<?xml version="1.0" encoding="UTF-8"?>
<Site BuildName="Win32-mingw32-make"
	BuildStamp="20230808-2334-Experimental"
	Name="DESKTOP-JH94FR1"
	Generator="ctest-3.25.1-msvc1"
	CompilerName="C:/MinGW/bin/g++.exe"
	CompilerVersion="6.3.0"
	OSName="Windows"
	Hostname="DESKTOP-JH94FR1"
	OSRelease=" Professional"
	OSVersion=" (Build 19045)"
	OSPlatform="AMD64"
	Is64Bits="1"
	VendorString="AuthenticAMD"
	VendorID="Advanced Micro Devices"
	FamilyID="15"
	ModelID="0"
	ProcessorCacheSize="64"
	NumberOfLogicalCPU="16"
	NumberOfPhysicalCPU="8"
	TotalVirtualMemory="31084"
	TotalPhysicalMemory="16236"
	LogicalProcessorsPerPhysical="2"
	ProcessorClockFrequency="3194"
	>
	<Testing>
		<StartDateTime>Aug 09 00:54 Hora de Ver[NON-UTF-8-BYTE-0xE3]o de GMT</StartDateTime>
		<StartTestTime>1691538843</StartTestTime>
		<TestList/>
		<EndDateTime>Aug 09 00:54 Hora de Ver[NON-UTF-8-BYTE-0xE3]o de GMT</EndDateTime>
		<EndTestTime>1691538843</EndTestTime>
		<ElapsedMinutes>0</ElapsedMinutes>
	</Testing>
</Site>
